events: wall_time

fl=
fn=IO::write^
0 262

fl=
fn=String::to_s
0 1577

fl=
fn=String::encode
0 5079

fl=
fn=Symbol::to_s
0 2

fl=
fn=JSON/Ext/Generator/State::initialize_copy
0 1

fl=
fn=Kernel::initialize_dup
0 1
cfl=
cfn=JSON/Ext/Generator/State::initialize_copy
calls=1 0
0 1

fl=
fn=Kernel::dup
0 2
cfl=
cfn=Kernel::initialize_dup
calls=1 0
0 2

fl=
fn=JSON/Ext/Generator/GeneratorMethods/Hash::to_json
0 8502
cfl=
cfn=Kernel::dup
calls=1 0
0 4
cfl=
cfn=Hash::keys
calls=1538 0
0 375
cfl=
cfn=Symbol::to_s
calls=1 0
0 2
cfl=
cfn=String::encode
calls=25366 0
0 5079
cfl=
cfn=String::to_s
calls=12292 0
0 1577

fl=
fn=Hash::merge
0 962

fl=
fn=Date::iso8601
0 3539

fl=
fn=Array::reverse
0 335

fl=
fn=Date::<=>
0 2636

fl=
fn=Integer::div
0 1507

fl=
fn=String::[]=
0 2410

fl=
fn=MatchData::end
0 1329

fl=
fn=MatchData::begin
0 4510

fl=
fn=Regexp::match
0 8053

fl=
fn=String::gsub!
0 4913

fl=
fn=Date::parse^
0 19279
cfl=
cfn=String::gsub!
calls=8464 0
0 4913
cfl=
cfn=Regexp::match
calls=16928 0
0 8053
cfl=
cfn=MatchData::begin
calls=8464 0
0 4510
cfl=
cfn=MatchData::end
calls=8464 0
0 1329
cfl=
cfn=String::[]=
calls=8464 0
0 2410
cfl=
cfn=Integer::div
calls=8464 0
0 1507

fl=
fn=Array::all?
0 920

fl=
fn=Array::any?
0 2083

fl=
fn=Array::max
0 360

fl=
fn=Integer::to_s
0 636

fl=
fn=Array::sum
0 322

fl=
fn=String::to_i
0 1548

fl=/home/dmitriy/devspace/learn/rails-optimization-task1/task-1.rb
fn=Object::collect_stats_from_users
135 5
cfl=
cfn=Array::each
calls=1 136
136 83729

fl=/home/dmitriy/devspace/learn/rails-optimization-task1/task-1.rb
fn=User::initialize
13 510

fl=
fn=Class::new
0 732
cfl=/home/dmitriy/devspace/learn/rails-optimization-task1/task-1.rb
cfn=User::initialize
calls=1536 0
0 510

fl=
fn=Array::join
0 1288

fl=
fn=Array::sort
0 3841
cfl=
cfn=Date::<=>
calls=14789 0
0 2636

fl=
fn=String::upcase
0 1750

fl=
fn=Array::map
0 13295
cfl=
cfn=String::upcase
calls=8664 0
0 1750
cfl=
cfn=String::to_i
calls=8464 118
118 1548
cfl=
cfn=Date::parse^
calls=8464 128
128 42001
cfl=
cfn=Date::iso8601
calls=8464 128
128 3539

fl=
fn=Hash::keys
0 378

fl=
fn=Array::flatten
0 1318

fl=
fn=Hash::values
0 5

fl=
fn=Array::count
0 305

fl=/home/dmitriy/devspace/learn/rails-optimization-task1/task-1.rb
fn=Object::generate_report
84 18
cfl=
cfn=Array::count
calls=3 87
87 2
cfl=
cfn=Hash::values
calls=1 89
89 5
cfl=
cfn=Array::flatten
calls=1 89
89 1318
cfl=
cfn=Array::each
calls=2 93
93 6279
cfl=
cfn=Hash::keys
calls=1 96
96 3
cfl=
cfn=Array::map
calls=1 101
101 61
cfl=
cfn=Array::sort
calls=1 101
101 32
cfl=
cfn=Array::join
calls=1 101
101 16
cfl=/home/dmitriy/devspace/learn/rails-optimization-task1/task-1.rb
cfn=Object::collect_stats_from_users
calls=1 115
115 83734

fl=/home/dmitriy/devspace/learn/rails-optimization-task1/task-1.rb
fn=Object::parse_session
73 7598
cfl=
cfn=String::split
calls=8464 74
74 6497

fl=/home/dmitriy/devspace/learn/rails-optimization-task1/task-1.rb
fn=Object::parse_user
63 1281
cfl=
cfn=String::split
calls=1536 64
64 1056

fl=
fn=Array::each
0 28600
cfl=
cfn=String::split
calls=10000 49
49 8045
cfl=/home/dmitriy/devspace/learn/rails-optimization-task1/task-1.rb
cfn=Object::parse_user
calls=1536 51
51 2337
cfl=/home/dmitriy/devspace/learn/rails-optimization-task1/task-1.rb
cfn=Object::parse_session
calls=8464 54
54 14095
cfl=
cfn=Class::new
calls=1536 109
109 1242
cfl=
cfn=Array::map
calls=6144 118
118 62072
cfl=
cfn=Array::count
calls=1536 122
122 304
cfl=
cfn=Array::sum
calls=1536 122
122 322
cfl=
cfn=Integer::to_s
calls=3072 122
122 636
cfl=
cfn=Array::max
calls=1536 122
122 360
cfl=
cfn=Array::sort
calls=3072 122
122 6445
cfl=
cfn=Array::join
calls=1536 122
122 1271
cfl=
cfn=Array::any?
calls=1536 122
122 2083
cfl=
cfn=Array::all?
calls=1536 122
122 920
cfl=
cfn=Array::reverse
calls=1536 122
122 335
cfl=
cfn=Hash::merge
calls=1536 122
122 962

fl=/home/dmitriy/devspace/learn/rails-optimization-task1/task-1.rb
fn=Object::parse_file_lines
44 2
cfl=
cfn=Array::each
calls=1 48
48 40021

fl=
fn=String::split
0 17033

fl=
fn=IO::read^
0 90

fl=/home/dmitriy/devspace/learn/rails-optimization-task1/task-1.rb
fn=Object::get_file_lines
144 6
cfl=
cfn=IO::read^
calls=1 145
145 90
cfl=
cfn=String::split
calls=1 145
145 1435

fl=/home/dmitriy/devspace/learn/rails-optimization-task1/task-1.rb
fn=Object::work
19 45
cfl=/home/dmitriy/devspace/learn/rails-optimization-task1/task-1.rb
cfn=Object::get_file_lines
calls=1 20
20 1531
cfl=/home/dmitriy/devspace/learn/rails-optimization-task1/task-1.rb
cfn=Object::parse_file_lines
calls=1 22
22 40023
cfl=/home/dmitriy/devspace/learn/rails-optimization-task1/task-1.rb
cfn=Object::generate_report
calls=1 39
39 91468
cfl=
cfn=JSON/Ext/Generator/GeneratorMethods/Hash::to_json
calls=1 41
41 15539
cfl=
cfn=IO::write^
calls=1 41
41 262

fl=/home/dmitriy/devspace/learn/rails-optimization-task1/task-1.rb
fn=CorrectnessTest::measure
189 29
cfl=/home/dmitriy/devspace/learn/rails-optimization-task1/task-1.rb
cfn=Object::work
calls=1 181
181 148868

